<?xml version="1.0" encoding="UTF-8"?>
<testng-results ignored="0" total="1" passed="1" failed="0" skipped="0">
  <reporter-output>
  </reporter-output>
  <suite started-at="2025-08-27T23:14:54 IST" name="Suite" finished-at="2025-08-27T23:15:01 IST" duration-ms="6717">
    <groups>
    </groups>
    <test started-at="2025-08-27T23:14:54 IST" name="Test" finished-at="2025-08-27T23:15:01 IST" duration-ms="6717">
      <class name="com.TestCases.LoginTest">
        <test-method is-config="true" signature="setBrowser(java.lang.String)[pri:0, instance:com.TestCases.LoginTest@702b8b12]" started-at="2025-08-27T23:14:54 IST" name="setBrowser" finished-at="2025-08-27T23:14:58 IST" duration-ms="4043" status="PASS">
          <params>
            <param index="0">
              <value>
                <![CDATA[edge]]>
              </value>
            </param>
          </params>
          <reporter-output>
          </reporter-output>
        </test-method> <!-- setBrowser -->
        <test-method signature="method()[pri:0, instance:com.TestCases.LoginTest@702b8b12]" started-at="2025-08-27T23:14:58 IST" name="method" finished-at="2025-08-27T23:15:01 IST" duration-ms="2498" status="PASS">
          <reporter-output>
          </reporter-output>
        </test-method> <!-- method -->
        <test-method is-config="true" signature="tearDown()[pri:0, instance:com.TestCases.LoginTest@702b8b12]" started-at="2025-08-27T23:15:01 IST" name="tearDown" finished-at="2025-08-27T23:15:01 IST" duration-ms="152" status="PASS">
          <reporter-output>
          </reporter-output>
        </test-method> <!-- tearDown -->
      </class> <!-- com.TestCases.LoginTest -->
    </test> <!-- Test -->
  </suite> <!-- Suite -->
</testng-results>
